<?xml version="1.0" encoding="utf-8"?><testsuites name="pytest tests"><testsuite name="pytest" errors="0" failures="0" skipped="0" tests="12" time="5.961" timestamp="2026-04-15T20:11:56.110548+00:00" hostname="agent-env-c99645c7-cb0e-4029-a95c-eca20c8b79c5"><testcase classname="tests.test_admin_2fa.TestAdminLoginStep1" name="test_admin_login_wrong_credentials_returns_401" time="0.386" /><testcase classname="tests.test_admin_2fa.TestAdminLoginStep1" name="test_admin_login_non_admin_user_returns_401" time="0.058" /><testcase classname="tests.test_admin_2fa.TestAdminLoginStep1" name="test_admin_login_correct_credentials_sends_code" time="0.536" /><testcase classname="tests.test_admin_2fa.TestAdminLoginStep2" name="test_admin_verify_wrong_code_returns_400" time="0.497" /><testcase classname="tests.test_admin_2fa.TestAdminLoginStep2" name="test_admin_verify_no_pending_code_returns_400" time="0.057" /><testcase classname="tests.test_admin_2fa.TestAdminLoginStep2" name="test_admin_verify_correct_code_sets_cookies" time="0.501" /><testcase classname="tests.test_admin_2fa.TestAdminDashboard" name="test_admin_dashboard_returns_stats" time="0.575" /><testcase classname="tests.test_admin_2fa.TestAdminDashboard" name="test_admin_dashboard_returns_403_for_non_admin" time="0.820" /><testcase classname="tests.test_admin_2fa.TestAdminUsers" name="test_admin_users_returns_paginated_list" time="0.595" /><testcase classname="tests.test_admin_2fa.TestAdminUsers" name="test_admin_users_search_works" time="0.544" /><testcase classname="tests.test_admin_2fa.TestAdminPhotoViolations" name="test_admin_photo_violations_returns_list" time="0.550" /><testcase classname="tests.test_admin_2fa.TestAdminModerate" name="test_admin_moderate_nonexistent_report_returns_404" time="0.682" /></testsuite></testsuites>