<?xml version="1.0" encoding="utf-8"?><testsuites name="pytest tests"><testsuite name="pytest" errors="0" failures="0" skipped="0" tests="17" time="6.519" timestamp="2026-04-17T10:56:06.805338+00:00" hostname="agent-env-c99645c7-cb0e-4029-a95c-eca20c8b79c5"><testcase classname="backend.tests.test_capacitor_bearer_auth.TestLoginReturnsTokens" name="test_login_returns_access_token_in_body" time="0.466" /><testcase classname="backend.tests.test_capacitor_bearer_auth.TestLoginReturnsTokens" name="test_login_returns_refresh_token_in_body" time="0.333" /><testcase classname="backend.tests.test_capacitor_bearer_auth.TestLoginReturnsTokens" name="test_login_returns_user_data" time="0.334" /><testcase classname="backend.tests.test_capacitor_bearer_auth.TestBearerTokenAuth" name="test_auth_me_with_bearer_token" time="0.436" /><testcase classname="backend.tests.test_capacitor_bearer_auth.TestBearerTokenAuth" name="test_auth_me_without_token_returns_401" time="0.135" /><testcase classname="backend.tests.test_capacitor_bearer_auth.TestBearerTokenAuth" name="test_users_profile_with_bearer_token" time="0.490" /><testcase classname="backend.tests.test_capacitor_bearer_auth.TestBearerTokenAuth" name="test_users_impact_with_bearer_token" time="0.440" /><testcase classname="backend.tests.test_capacitor_bearer_auth.TestBearerTokenAuth" name="test_reports_endpoint_works" time="0.456" /><testcase classname="backend.tests.test_capacitor_bearer_auth.TestTokenRefresh" name="test_refresh_with_body_token" time="0.456" /><testcase classname="backend.tests.test_capacitor_bearer_auth.TestTokenRefresh" name="test_refresh_without_token_returns_401" time="0.109" /><testcase classname="backend.tests.test_capacitor_bearer_auth.TestTokenRefresh" name="test_new_access_token_works" time="0.816" /><testcase classname="backend.tests.test_capacitor_bearer_auth.TestRegisterReturnsTokens" name="test_register_returns_tokens" time="0.428" /><testcase classname="backend.tests.test_capacitor_bearer_auth.TestGoogleAuthReturnsTokens" name="test_google_auth_endpoint_exists" time="0.242" /><testcase classname="backend.tests.test_capacitor_bearer_auth.TestCORSWithCapacitorOrigin" name="test_cors_allows_capacitor_origin" time="0.081" /><testcase classname="backend.tests.test_capacitor_bearer_auth.TestCORSWithCapacitorOrigin" name="test_login_works_with_capacitor_origin" time="0.332" /><testcase classname="backend.tests.test_capacitor_bearer_auth.TestAllProtectedEndpointsWithBearer" name="test_notifications_endpoint" time="0.434" /><testcase classname="backend.tests.test_capacitor_bearer_auth.TestAllProtectedEndpointsWithBearer" name="test_subscription_status_endpoint" time="0.440" /></testsuite></testsuites>