<?xml version="1.0" encoding="utf-8"?><testsuites name="pytest tests"><testsuite name="pytest" errors="0" failures="0" skipped="0" tests="8" time="2.210" timestamp="2026-04-17T10:43:56.980058+00:00" hostname="agent-env-c99645c7-cb0e-4029-a95c-eca20c8b79c5"><testcase classname="backend.tests.test_impact_feature.TestImpactEndpoint" name="test_impact_returns_401_for_unauthenticated" time="0.244" /><testcase classname="backend.tests.test_impact_feature.TestImpactEndpoint" name="test_login_admin_user" time="0.355" /><testcase classname="backend.tests.test_impact_feature.TestImpactEndpoint" name="test_impact_returns_data_for_authenticated_user" time="0.376" /><testcase classname="backend.tests.test_impact_feature.TestImpactEndpoint" name="test_impact_map_points_structure" time="0.418" /><testcase classname="backend.tests.test_impact_feature.TestImpactEndpoint" name="test_impact_timeline_structure" time="0.371" /><testcase classname="backend.tests.test_impact_feature.TestImpactPageRoute" name="test_impact_page_exists" time="0.113" /><testcase classname="backend.tests.test_impact_feature.TestProfilePageImpactButton" name="test_profile_page_exists" time="0.154" /><testcase classname="backend.tests.test_impact_feature.TestMapPageImpactMenu" name="test_map_page_exists" time="0.102" /></testsuite></testsuites>