<?xml version="1.0" encoding="utf-8"?><testsuites name="pytest tests"><testsuite name="pytest" errors="0" failures="0" skipped="1" tests="7" time="1.327" timestamp="2026-04-15T13:43:14.952425+00:00" hostname="agent-env-c99645c7-cb0e-4029-a95c-eca20c8b79c5"><testcase classname="backend.tests.test_photo_feature.TestPhotoUploadAccess" name="test_photo_upload_requires_authentication" time="0.143" /><testcase classname="backend.tests.test_photo_feature.TestPhotoUploadAccess" name="test_non_premium_user_can_upload_photo" time="0.389"><skipped type="pytest.skip" message="Could not create report: {&quot;detail&quot;:&quot;Espera al menos 60 segundos entre reportes&quot;}">/app/backend/tests/test_photo_feature.py:83: Could not create report: {"detail":"Espera al menos 60 segundos entre reportes"}</skipped></testcase><testcase classname="backend.tests.test_photo_feature.TestReportPhotoUrl" name="test_get_report_returns_photo_url" time="0.113" /><testcase classname="backend.tests.test_photo_feature.TestFileServing" name="test_get_file_endpoint_exists" time="0.302" /><testcase classname="backend.tests.test_photo_feature.TestCORSPreflight" name="test_cors_options_returns_success" time="0.069" /><testcase classname="backend.tests.test_photo_feature.TestCORSPreflight" name="test_cors_with_wildcard_origin" time="0.070" /><testcase classname="backend.tests.test_photo_feature.TestReportDetailFetch" name="test_get_report_detail_endpoint" time="0.170" /></testsuite></testsuites>