<?xml version="1.0" encoding="utf-8"?><testsuites name="pytest tests"><testsuite name="pytest" errors="0" failures="0" skipped="0" tests="10" time="2.903" timestamp="2026-04-17T10:35:45.518847+00:00" hostname="agent-env-c99645c7-cb0e-4029-a95c-eca20c8b79c5"><testcase classname="backend.tests.test_push_notifications.TestPushEndpoints" name="test_vapid_key_endpoint" time="0.242" /><testcase classname="backend.tests.test_push_notifications.TestPushEndpoints" name="test_push_status_unauthenticated" time="0.138" /><testcase classname="backend.tests.test_push_notifications.TestPushEndpoints" name="test_push_status_authenticated" time="0.399" /><testcase classname="backend.tests.test_push_notifications.TestPushEndpoints" name="test_push_subscribe_authenticated" time="0.479" /><testcase classname="backend.tests.test_push_notifications.TestPushEndpoints" name="test_push_unsubscribe_authenticated" time="0.475" /><testcase classname="backend.tests.test_push_notifications.TestPushEndpoints" name="test_push_subscribe_unauthenticated" time="0.135" /><testcase classname="backend.tests.test_push_notifications.TestLoginAndAuth" name="test_admin_login" time="0.331" /><testcase classname="backend.tests.test_push_notifications.TestLoginAndAuth" name="test_invalid_login" time="0.126" /><testcase classname="backend.tests.test_push_notifications.TestServiceWorker" name="test_service_worker_accessible" time="0.102" /><testcase classname="backend.tests.test_push_notifications.TestUserProfile" name="test_user_profile_has_streak_days" time="0.389" /></testsuite></testsuites>