<?xml version="1.0" encoding="utf-8"?><testsuites name="pytest tests"><testsuite name="pytest" errors="0" failures="0" skipped="0" tests="17" time="4.774" timestamp="2026-04-15T13:59:55.377908+00:00" hostname="agent-env-c99645c7-cb0e-4029-a95c-eca20c8b79c5"><testcase classname="backend.tests.test_rankings_notifications.TestCityRankings" name="test_city_rankings_requires_premium" time="0.499" /><testcase classname="backend.tests.test_rankings_notifications.TestCityRankings" name="test_city_rankings_works_for_premium" time="0.449" /><testcase classname="backend.tests.test_rankings_notifications.TestCityRankings" name="test_city_rankings_unauthenticated" time="0.137" /><testcase classname="backend.tests.test_rankings_notifications.TestCityRankingsShare" name="test_share_endpoint_is_public" time="0.139" /><testcase classname="backend.tests.test_rankings_notifications.TestCityRankingsShare" name="test_share_endpoint_returns_correct_structure" time="0.136" /><testcase classname="backend.tests.test_rankings_notifications.TestCityRankingsShare" name="test_share_endpoint_cleanest_list" time="0.149" /><testcase classname="backend.tests.test_rankings_notifications.TestBarrioRankings" name="test_barrio_rankings_requires_premium" time="0.419" /><testcase classname="backend.tests.test_rankings_notifications.TestBarrioRankings" name="test_barrio_rankings_works_for_premium" time="0.415" /><testcase classname="backend.tests.test_rankings_notifications.TestNotifications" name="test_notifications_requires_auth" time="0.150" /><testcase classname="backend.tests.test_rankings_notifications.TestNotifications" name="test_notifications_returns_list" time="0.459" /><testcase classname="backend.tests.test_rankings_notifications.TestNotifications" name="test_mark_notifications_read" time="0.444" /><testcase classname="backend.tests.test_rankings_notifications.TestNotifications" name="test_mark_notifications_read_requires_auth" time="0.135" /><testcase classname="backend.tests.test_rankings_notifications.TestFreshnessLabels" name="test_reports_have_freshness_field" time="0.132" /><testcase classname="backend.tests.test_rankings_notifications.TestFreshnessLabels" name="test_freshness_filter_works" time="0.144" /><testcase classname="backend.tests.test_rankings_notifications.TestArchiveCutoff" name="test_archive_cutoff_in_startup" time="0.003" /><testcase classname="backend.tests.test_rankings_notifications.TestSubscriptionPageFeatures" name="test_subscription_status_endpoint" time="0.420" /><testcase classname="backend.tests.test_rankings_notifications.TestRankRecalculation" name="test_admin_recalculate_ranks" time="0.447" /></testsuite></testsuites>