<?xml version="1.0" encoding="utf-8"?><testsuites name="pytest tests"><testsuite name="pytest" errors="0" failures="0" skipped="0" tests="18" time="2.863" timestamp="2026-04-15T21:03:18.350884+00:00" hostname="agent-env-c99645c7-cb0e-4029-a95c-eca20c8b79c5"><testcase classname="tests.test_receipt_verification.TestAppleReceiptVerification" name="test_apple_subscribe_mock_returns_valid_true" time="0.601" /><testcase classname="tests.test_receipt_verification.TestAppleReceiptVerification" name="test_apple_subscribe_activates_subscription" time="0.057" /><testcase classname="tests.test_receipt_verification.TestAppleReceiptVerification" name="test_apple_subscribe_annual_plan" time="0.046" /><testcase classname="tests.test_receipt_verification.TestGoogleReceiptVerification" name="test_google_subscribe_mock_returns_valid_true" time="0.475" /><testcase classname="tests.test_receipt_verification.TestGoogleReceiptVerification" name="test_google_subscribe_activates_subscription" time="0.054" /><testcase classname="tests.test_receipt_verification.TestGoogleReceiptVerification" name="test_google_subscribe_annual_plan" time="0.050" /><testcase classname="tests.test_receipt_verification.TestSubscriptionStatus" name="test_subscription_status_reflects_store_and_mock" time="0.048" /><testcase classname="tests.test_receipt_verification.TestSubscriptionStatus" name="test_subscription_status_requires_auth" time="0.130" /><testcase classname="tests.test_receipt_verification.TestAdminIntegrationStatus" name="test_integration_status_returns_configured_status" time="0.834" /><testcase classname="tests.test_receipt_verification.TestAdminIntegrationStatus" name="test_integration_status_returns_403_for_non_admin" time="0.048" /><testcase classname="tests.test_receipt_verification.TestAdminIntegrationStatus" name="test_integration_status_returns_401_for_unauthenticated" time="0.129" /><testcase classname="tests.test_receipt_verification.TestSubscriptionReceiptsStorage" name="test_receipt_stored_in_collection" time="0.004" /><testcase classname="tests.test_receipt_verification.TestWebhookEndpoints" name="test_apple_webhook_accepts_signed_payload" time="0.066" /><testcase classname="tests.test_receipt_verification.TestWebhookEndpoints" name="test_apple_webhook_missing_payload_returns_error" time="0.056" /><testcase classname="tests.test_receipt_verification.TestWebhookEndpoints" name="test_google_webhook_accepts_pubsub_message" time="0.053" /><testcase classname="tests.test_receipt_verification.TestWebhookEndpoints" name="test_google_webhook_missing_data_returns_error" time="0.050" /><testcase classname="tests.test_receipt_verification.TestWebhookEndpoints" name="test_webhook_status_endpoint" time="0.050" /><testcase classname="tests.test_receipt_verification.TestExpiredSubscriptionDeactivation" name="test_expired_subscription_logic_exists" time="0.007" /></testsuite></testsuites>