<?xml version="1.0" encoding="utf-8"?><testsuites name="pytest tests"><testsuite name="pytest" errors="0" failures="0" skipped="0" tests="14" time="3.973" timestamp="2026-04-15T14:23:32.149722+00:00" hostname="agent-env-c99645c7-cb0e-4029-a95c-eca20c8b79c5"><testcase classname="backend.tests.test_refactor_features.TestHealthAndRefactor" name="test_health_endpoint" time="0.257" /><testcase classname="backend.tests.test_refactor_features.TestAuthEndpoints" name="test_register_requires_username" time="0.114" /><testcase classname="backend.tests.test_refactor_features.TestAuthEndpoints" name="test_register_with_username" time="0.339" /><testcase classname="backend.tests.test_refactor_features.TestAuthEndpoints" name="test_login_with_cookie_auth" time="0.368" /><testcase classname="backend.tests.test_refactor_features.TestAuthEndpoints" name="test_login_invalid_credentials" time="0.102" /><testcase classname="backend.tests.test_refactor_features.TestReportsEndpoint" name="test_reports_returns_freshness_labels" time="0.109" /><testcase classname="backend.tests.test_refactor_features.TestRankingsEndpoints" name="test_city_rankings_requires_premium" time="0.408" /><testcase classname="backend.tests.test_refactor_features.TestRankingsEndpoints" name="test_city_rankings_works_for_premium" time="0.387" /><testcase classname="backend.tests.test_refactor_features.TestRankingsEndpoints" name="test_barrio_rankings_requires_premium" time="0.408" /><testcase classname="backend.tests.test_refactor_features.TestRankingsEndpoints" name="test_barrio_rankings_works_for_premium" time="0.409" /><testcase classname="backend.tests.test_refactor_features.TestRankingsEndpoints" name="test_city_rankings_share_is_public" time="0.111" /><testcase classname="backend.tests.test_refactor_features.TestNotificationsEndpoint" name="test_notifications_requires_auth" time="0.107" /><testcase classname="backend.tests.test_refactor_features.TestNotificationsEndpoint" name="test_notifications_returns_list" time="0.399" /><testcase classname="backend.tests.test_refactor_features.TestMunicipalitySubscription" name="test_municipality_subscribe_returns_50_euros" time="0.382" /></testsuite></testsuites>