<?xml version="1.0" encoding="utf-8"?><testsuites name="pytest tests"><testsuite name="pytest" errors="0" failures="0" skipped="0" tests="13" time="2.808" timestamp="2026-04-17T10:20:10.849792+00:00" hostname="agent-env-c99645c7-cb0e-4029-a95c-eca20c8b79c5"><testcase classname="tests.test_user_engagement.TestGoogleAuth" name="test_google_auth_missing_session_id" time="0.133" /><testcase classname="tests.test_user_engagement.TestGoogleAuth" name="test_google_auth_invalid_session_id" time="0.231" /><testcase classname="tests.test_user_engagement.TestFeedbackEndpoint" name="test_feedback_submit_anonymous" time="0.104" /><testcase classname="tests.test_user_engagement.TestFeedbackEndpoint" name="test_feedback_submit_with_user_info" time="0.103" /><testcase classname="tests.test_user_engagement.TestActivityStats" name="test_activity_stats_basic" time="0.094" /><testcase classname="tests.test_user_engagement.TestActivityStats" name="test_activity_stats_with_location" time="0.102" /><testcase classname="tests.test_user_engagement.TestUserProfile" name="test_profile_endpoint_exists" time="0.379" /><testcase classname="tests.test_user_engagement.TestUserProfile" name="test_username_update_endpoint" time="0.477" /><testcase classname="tests.test_user_engagement.TestUserProfile" name="test_username_validation" time="0.443" /><testcase classname="tests.test_user_engagement.TestAuthEndpoints" name="test_login_with_admin_credentials" time="0.330" /><testcase classname="tests.test_user_engagement.TestAuthEndpoints" name="test_login_invalid_credentials" time="0.102" /><testcase classname="tests.test_user_engagement.TestAuthEndpoints" name="test_auth_me_unauthenticated" time="0.139" /><testcase classname="tests.test_user_engagement.TestReportsEndpoint" name="test_get_reports" time="0.099" /></testsuite></testsuites>