<?xml version="1.0" encoding="utf-8"?><testsuites name="pytest tests"><testsuite name="pytest" errors="0" failures="0" skipped="0" tests="17" time="6.346" timestamp="2026-04-15T13:14:48.167198+00:00" hostname="agent-env-c99645c7-cb0e-4029-a95c-eca20c8b79c5"><testcase classname="tests.test_username_feature.TestRegistrationWithUsername" name="test_register_with_valid_username" time="0.396" /><testcase classname="tests.test_username_feature.TestRegistrationWithUsername" name="test_register_without_username_fails" time="0.125" /><testcase classname="tests.test_username_feature.TestRegistrationWithUsername" name="test_register_with_short_username_fails" time="0.130" /><testcase classname="tests.test_username_feature.TestRegistrationWithUsername" name="test_register_with_long_username_fails" time="0.132" /><testcase classname="tests.test_username_feature.TestRegistrationWithUsername" name="test_register_with_invalid_chars_fails" time="0.146" /><testcase classname="tests.test_username_feature.TestRegistrationWithUsername" name="test_register_with_duplicate_username_fails" time="0.480" /><testcase classname="tests.test_username_feature.TestLoginNeedsUsername" name="test_login_user_with_username_returns_needs_username_false" time="0.347" /><testcase classname="tests.test_username_feature.TestLoginNeedsUsername" name="test_login_returns_username_in_response" time="0.713" /><testcase classname="tests.test_username_feature.TestUpdateUsername" name="test_update_username_success" time="0.427" /><testcase classname="tests.test_username_feature.TestUpdateUsername" name="test_update_username_validates_length" time="0.427" /><testcase classname="tests.test_username_feature.TestUpdateUsername" name="test_update_username_validates_characters" time="0.448" /><testcase classname="tests.test_username_feature.TestUpdateUsername" name="test_update_username_rejects_duplicate" time="0.797" /><testcase classname="tests.test_username_feature.TestUpdateUsername" name="test_update_username_requires_auth" time="0.131" /><testcase classname="tests.test_username_feature.TestGetMeEndpoint" name="test_get_me_returns_needs_username" time="0.394" /><testcase classname="tests.test_username_feature.TestUsernameEdgeCases" name="test_username_is_lowercased" time="0.412" /><testcase classname="tests.test_username_feature.TestUsernameEdgeCases" name="test_username_with_underscore_allowed" time="0.387" /><testcase classname="tests.test_username_feature.TestUsernameEdgeCases" name="test_username_with_numbers_allowed" time="0.364" /></testsuite></testsuites>